1492749980994	geckodriver	INFO	Listening on 127.0.0.1:58810
1492749983278	mozprofile::profile	INFO	Using profile path C:\Users\zhenhua\AppData\Local\Temp\rust_mozprofile.mmI0iCGA7VSq
1492749983295	geckodriver::marionette	INFO	Starting browser C:\Program Files (x86)\Mozilla Firefox\firefox.exe
1492749983315	geckodriver::marionette	INFO	Connecting to Marionette on localhost:58826
1492750327278	geckodriver	INFO	Listening on 127.0.0.1:60457
1492750329299	mozprofile::profile	INFO	Using profile path C:\Users\zhenhua\AppData\Local\Temp\rust_mozprofile.obzu4Uvrmrro
1492750329306	geckodriver::marionette	INFO	Starting browser C:\Program Files (x86)\Mozilla Firefox\firefox.exe
1492750329314	geckodriver::marionette	INFO	Connecting to Marionette on localhost:60472
1492750331125	Marionette	INFO	Listening on port 60472
[NPAPI 109072] WARNING: pipe error: 109: file c:/builds/moz2_slave/m-rel-w32-00000000000000000000/build/src/ipc/chromium/src/chrome/common/ipc_channel_win.cc, line 345
1492750419817	geckodriver	INFO	Listening on 127.0.0.1:60927
1492750421844	mozprofile::profile	INFO	Using profile path C:\Users\zhenhua\AppData\Local\Temp\rust_mozprofile.jj7ftA0wKjZb
1492750421850	geckodriver::marionette	INFO	Starting browser C:\Program Files (x86)\Mozilla Firefox\firefox.exe
1492750421857	geckodriver::marionette	INFO	Connecting to Marionette on localhost:60937
1492750423605	Marionette	INFO	Listening on port 60937
[Child 109020] WARNING: pipe error: 109: file c:/builds/moz2_slave/m-rel-w32-00000000000000000000/build/src/ipc/chromium/src/chrome/common/ipc_channel_win.cc, line 345
1492750516598	geckodriver	INFO	Listening on 127.0.0.1:61394
1492750518570	mozprofile::profile	INFO	Using profile path C:\Users\zhenhua\AppData\Local\Temp\rust_mozprofile.Xv1DAB9Z8Th7
1492750518575	geckodriver::marionette	INFO	Starting browser C:\Program Files (x86)\Mozilla Firefox\firefox.exe
1492750518583	geckodriver::marionette	INFO	Connecting to Marionette on localhost:61412
1492750520290	Marionette	INFO	Listening on port 61412
[Child 108716] WARNING: pipe error: 109: file c:/builds/moz2_slave/m-rel-w32-00000000000000000000/build/src/ipc/chromium/src/chrome/common/ipc_channel_win.cc, line 345
[NPAPI 105020] WARNING: pipe error: 109: file c:/builds/moz2_slave/m-rel-w32-00000000000000000000/build/src/ipc/chromium/src/chrome/common/ipc_channel_win.cc, line 345
1492750658933	geckodriver	INFO	Listening on 127.0.0.1:62095
1492750660901	mozprofile::profile	INFO	Using profile path C:\Users\zhenhua\AppData\Local\Temp\rust_mozprofile.x6Bd7asP9CrT
1492750660920	geckodriver::marionette	INFO	Starting browser C:\Program Files (x86)\Mozilla Firefox\firefox.exe
1492750660928	geckodriver::marionette	INFO	Connecting to Marionette on localhost:62115
1492750662923	Marionette	INFO	Listening on port 62115
*************************
A coding exception was thrown and uncaught in a Task.

Full message: TypeError: NetworkError when attempting to fetch resource.
Full stack: 
*************************
ckodriver::marionette	INFO	Starting browser C:\Program Files (x86)\Mozilla Firefox\firefox.exe
1492750751326	geckodriver::marionette	INFO	Connecting to Marionette on localhost:62566
1492750753000	Marionette	INFO	Listening on port 62566
[NPAPI 109868] WARNING: pipe error: 109: file c:/builds/moz2_slave/m-rel-w32-00000000000000000000/build/src/ipc/chromium/src/chrome/common/ipc_channel_win.cc, line 345
1492848842182	geckodriver	INFO	Listening on 127.0.0.1:56242
1492848844008	mozprofile::profile	INFO	Using profile path C:\Users\zhenhua\AppData\Local\Temp\rust_mozprofile.r0YuNZYNj2Kl
1492848844017	geckodriver::marionette	INFO	Starting browser C:\Program Files (x86)\Mozilla Firefox\firefox.exe
1492848844060	geckodriver::marionette	INFO	Connecting to Marionette on localhost:56251
1492848852700	Marionette	INFO	Listening on port 56251
[NPAPI 113244] WARNING: pipe error: 109: file c:/builds/moz2_slave/m-rel-w32-00000000000000000000/build/src/ipc/chromium/src/chrome/common/ipc_channel_win.cc, line 345
*************************
A coding exception was thrown and uncaught in a Task.

Full message: TypeError: NetworkError when attempting to fetch resource.
Full stack: 
*************************
ckodriver::marionette	INFO	Starting browser C:\Program Files (x86)\Mozilla Firefox\firefox.exe
1492849361061	geckodriver::marionette	INFO	Connecting to Marionette on localhost:58733
1492849362967	Marionette	INFO	Listening on port 58733
[NPAPI 110028] WARNING: pipe error: 109: file c:/builds/moz2_slave/m-rel-w32-00000000000000000000/build/src/ipc/chromium/src/chrome/common/ipc_channel_win.cc, line 345
[NPAPI 110028] WARNING: pipe error: 109: file c:/builds/moz2_slave/m-rel-w32-00000000000000000000/build/src/ipc/chromium/src/chrome/common/ipc_channel_win.cc, line 345
*************************
A coding exception was thrown and uncaught in a Task.

Full message: TypeError: NetworkError when attempting to fetch resource.
Full stack: 
*************************
[Child 66836] WARNING: pipe error: 109: file c:/builds/moz2_slave/m-rel-w32-00000000000000000000/build/src/ipc/chromium/src/chrome/common/ipc_channel_win.cc, line 345
calhost:59905
1492849613524	Marionette	INFO	Listening on port 59905
1492849929273	geckodriver	INFO	Listening on 127.0.0.1:61395
1492849931194	mozprofile::profile	INFO	Using profile path C:\Users\zhenhua\AppData\Local\Temp\rust_mozprofile.oIqR4tCP05NR
1492849931215	geckodriver::marionette	INFO	Starting browser C:\Program Files (x86)\Mozilla Firefox\firefox.exe
1492849931274	geckodriver::marionette	INFO	Connecting to Marionette on localhost:61412
1492849933072	Marionette	INFO	Listening on port 61412
[NPAPI 110376] WARNING: pipe error: 109: file c:/builds/moz2_slave/m-rel-w32-00000000000000000000/build/src/ipc/chromium/src/chrome/common/ipc_channel_win.cc, line 345
[NPAPI 112540] WARNING: pipe error: 109: file c:/builds/moz2_slave/m-rel-w32-00000000000000000000/build/src/ipc/chromium/src/chrome/common/ipc_channel_win.cc, line 345
[NPAPI 112540] WARNING: pipe error: 109: file c:/builds/moz2_slave/m-rel-w32-00000000000000000000/build/src/ipc/chromium/src/chrome/common/ipc_channel_win.cc, line 345
[Child 111204] WARNING: pipe error: 109: file c:/builds/moz2_slave/m-rel-w32-00000000000000000000/build/src/ipc/chromium/src/chrome/common/ipc_channel_win.cc, line 345
1492850143947	geckodriver	INFO	Listening on 127.0.0.1:62418
1492850145734	mozprofile::profile	INFO	Using profile path C:\Users\zhenhua\AppData\Local\Temp\rust_mozprofile.l1sqtaAdCG3r
1492850145739	geckodriver::marionette	INFO	Starting browser C:\Program Files (x86)\Mozilla Firefox\firefox.exe
1492850145746	geckodriver::marionette	INFO	Connecting to Marionette on localhost:62436
1492850147538	Marionette	INFO	Listening on port 62436
[NPAPI 112756] WARNING: pipe error: 109: file c:/builds/moz2_slave/m-rel-w32-00000000000000000000/build/src/ipc/chromium/src/chrome/common/ipc_channel_win.cc, line 345
[NPAPI 112756] WARNING: pipe error: 109: file c:/builds/moz2_slave/m-rel-w32-00000000000000000000/build/src/ipc/chromium/src/chrome/common/ipc_channel_win.cc, line 345
*************************
A coding exception was thrown and uncaught in a Task.

Full message: TypeError: NetworkError when attempting to fetch resource.
Full stack: 
*************************
[Child 106996] WARNING: pipe error: 109: file c:/builds/moz2_slave/m-rel-w32-00000000000000000000/build/src/ipc/chromium/src/chrome/common/ipc_channel_win.cc, line 345
[Child 106996] WARNING: pipe error: 109: file c:/builds/moz2_slave/m-rel-w32-00000000000000000000/build/src/ipc/chromium/src/chrome/common/ipc_channel_win.cc, line 345
onnecting to Marionette on localhost:49247
1492850835499	Marionette	INFO	Listening on port 49247
[NPAPI 114156] WARNING: pipe error: 109: file c:/builds/moz2_slave/m-rel-w32-00000000000000000000/build/src/ipc/chromium/src/chrome/common/ipc_channel_win.cc, line 345
[NPAPI 114156] WARNING: pipe error: 109: file c:/builds/moz2_slave/m-rel-w32-00000000000000000000/build/src/ipc/chromium/src/chrome/common/ipc_channel_win.cc, line 345
*************************
A coding exception was thrown and uncaught in a Task.

Full message: TypeError: NetworkError when attempting to fetch resource.
Full stack: 
*************************

###!!! [Child][MessageChannel] Error: (msgtype=0x4600AE,name=PContent::Msg_ConsoleMessage) Channel closing: too late to send/recv, messages will be lost

ette on localhost:49561
1492850893848	Marionette	INFO	Listening on port 49561
[Child 112168] WARNING: pipe error: 109: file c:/builds/moz2_slave/m-rel-w32-00000000000000000000/build/src/ipc/chromium/src/chrome/common/ipc_channel_win.cc, line 345
[Child 112168] WARNING: pipe error: 109: file c:/builds/moz2_slave/m-rel-w32-00000000000000000000/build/src/ipc/chromium/src/chrome/common/ipc_channel_win.cc, line 345
[NPAPI 114024] WARNING: pipe error: 109: file c:/builds/moz2_slave/m-rel-w32-00000000000000000000/build/src/ipc/chromium/src/chrome/common/ipc_channel_win.cc, line 345
1492850969533	geckodriver	INFO	Listening on 127.0.0.1:49968
1492850971567	mozprofile::profile	INFO	Using profile path C:\Users\zhenhua\AppData\Local\Temp\rust_mozprofile.I0PDchaDd8Mg
1492850971576	geckodriver::marionette	INFO	Starting browser C:\Program Files (x86)\Mozilla Firefox\firefox.exe
1492850971591	geckodriver::marionette	INFO	Connecting to Marionette on localhost:49982
1492850973594	Marionette	INFO	Listening on port 49982
[NPAPI 109908] WARNING: pipe error: 109: file c:/builds/moz2_slave/m-rel-w32-00000000000000000000/build/src/ipc/chromium/src/chrome/common/ipc_channel_win.cc, line 345
[Child 114708] WARNING: pipe error: 109: file c:/builds/moz2_slave/m-rel-w32-00000000000000000000/build/src/ipc/chromium/src/chrome/common/ipc_channel_win.cc, line 345
[Child 114708] WARNING: pipe error: 109: file c:/builds/moz2_slave/m-rel-w32-00000000000000000000/build/src/ipc/chromium/src/chrome/common/ipc_channel_win.cc, line 345
1492851541811	geckodriver	INFO	Listening on 127.0.0.1:52591
1492851543604	mozprofile::profile	INFO	Using profile path C:\Users\zhenhua\AppData\Local\Temp\rust_mozprofile.KSXK4TeGfAcS
1492851543614	geckodriver::marionette	INFO	Starting browser C:\Program Files (x86)\Mozilla Firefox\firefox.exe
1492851543640	geckodriver::marionette	INFO	Connecting to Marionette on localhost:52610
1492851545492	Marionette	INFO	Listening on port 52610
[Child 116412] WARNING: pipe error: 109: file c:/builds/moz2_slave/m-rel-w32-00000000000000000000/build/src/ipc/chromium/src/chrome/common/ipc_channel_win.cc, line 345
[Child 116412] WARNING: pipe error: 109: file c:/builds/moz2_slave/m-rel-w32-00000000000000000000/build/src/ipc/chromium/src/chrome/common/ipc_channel_win.cc, line 345
[NPAPI 115808] WARNING: pipe error: 109: file c:/builds/moz2_slave/m-rel-w32-00000000000000000000/build/src/ipc/chromium/src/chrome/common/ipc_channel_win.cc, line 345
1492851845424	geckodriver	INFO	Listening on 127.0.0.1:54043
1492851847288	mozprofile::profile	INFO	Using profile path C:\Users\zhenhua\AppData\Local\Temp\rust_mozprofile.nia5fhrRIvG0
1492851847293	geckodriver::marionette	INFO	Starting browser C:\Program Files (x86)\Mozilla Firefox\firefox.exe
1492851847299	geckodriver::marionette	INFO	Connecting to Marionette on localhost:54056
1492851849185	Marionette	INFO	Listening on port 54056
[Child 117436] WARNING: pipe error: 109: file c:/builds/moz2_slave/m-rel-w32-00000000000000000000/build/src/ipc/chromium/src/chrome/common/ipc_channel_win.cc, line 345
1492851985014	geckodriver	INFO	Listening on 127.0.0.1:54722
1492851987118	mozprofile::profile	INFO	Using profile path C:\Users\zhenhua\AppData\Local\Temp\rust_mozprofile.2Jf2qFqRbQS9
1492851987125	geckodriver::marionette	INFO	Starting browser C:\Program Files (x86)\Mozilla Firefox\firefox.exe
1492851987135	geckodriver::marionette	INFO	Connecting to Marionette on localhost:54738
1492851988918	Marionette	INFO	Listening on port 54738
[NPAPI 116128] WARNING: pipe error: 109: file c:/builds/moz2_slave/m-rel-w32-00000000000000000000/build/src/ipc/chromium/src/chrome/common/ipc_channel_win.cc, line 345
1492852477072	geckodriver	INFO	Listening on 127.0.0.1:57082
1492852478880	mozprofile::profile	INFO	Using profile path C:\Users\zhenhua\AppData\Local\Temp\rust_mozprofile.Xyb2Fr2QzNsf
1492852478890	geckodriver::marionette	INFO	Starting browser C:\Program Files (x86)\Mozilla Firefox\firefox.exe
1492852478897	geckodriver::marionette	INFO	Connecting to Marionette on localhost:57096
1492852483379	Marionette	INFO	Listening on port 57096
[NPAPI 115844] WARNING: pipe error: 109: file c:/builds/moz2_slave/m-rel-w32-00000000000000000000/build/src/ipc/chromium/src/chrome/common/ipc_channel_win.cc, line 345
[NPAPI 115844] WARNING: pipe error: 109: file c:/builds/moz2_slave/m-rel-w32-00000000000000000000/build/src/ipc/chromium/src/chrome/common/ipc_channel_win.cc, line 345
1492852565208	addons.productaddons	WARN	Failed downloading XML, status: 0, reason: timeout
[Child 115508] WARNING: pipe error: 109: file c:/builds/moz2_slave/m-rel-w32-00000000000000000000/build/src/ipc/chromium/src/chrome/common/ipc_channel_win.cc, line 345
[Child 115508] WARNING: pipe error: 109: file c:/builds/moz2_slave/m-rel-w32-00000000000000000000/build/src/ipc/chromium/src/chrome/common/ipc_channel_win.cc, line 345
1492852657512	geckodriver	INFO	Listening on 127.0.0.1:58067
1492852659433	mozprofile::profile	INFO	Using profile path C:\Users\zhenhua\AppData\Local\Temp\rust_mozprofile.hHKtx9HJIjkL
1492852659446	geckodriver::marionette	INFO	Starting browser C:\Program Files (x86)\Mozilla Firefox\firefox.exe
1492852659459	geckodriver::marionette	INFO	Connecting to Marionette on localhost:58089
1492852661358	Marionette	INFO	Listening on port 58089
[NPAPI 113732] WARNING: pipe error: 109: file c:/builds/moz2_slave/m-rel-w32-00000000000000000000/build/src/ipc/chromium/src/chrome/common/ipc_channel_win.cc, line 345
[Child 116360] WARNING: pipe error: 109: file c:/builds/moz2_slave/m-rel-w32-00000000000000000000/build/src/ipc/chromium/src/chrome/common/ipc_channel_win.cc, line 345
1492852729238	addons.productaddons	WARN	Failed downloading XML, status: 0, reason: error
1492853709013	geckodriver	INFO	Listening on 127.0.0.1:62957
1492853710933	mozprofile::profile	INFO	Using profile path C:\Users\zhenhua\AppData\Local\Temp\rust_mozprofile.z0ZQLruboKvf
1492853710941	geckodriver::marionette	INFO	Starting browser C:\Program Files (x86)\Mozilla Firefox\firefox.exe
1492853710949	geckodriver::marionette	INFO	Connecting to Marionette on localhost:62974
1492857562889	geckodriver	INFO	Listening on 127.0.0.1:62710
1492857564820	mozprofile::profile	INFO	Using profile path C:\Users\zhenhua\AppData\Local\Temp\rust_mozprofile.pd7sHy6V5vOX
1492857564820	geckodriver::marionette	INFO	Starting browser C:\Program Files (x86)\Mozilla Firefox\firefox.exe
1492857564852	geckodriver::marionette	INFO	Connecting to Marionette on localhost:62733
1492857567590	Marionette	INFO	Listening on port 62733
[NPAPI 116120] WARNING: pipe error: 109: file c:/builds/moz2_slave/m-rel-w32-00000000000000000000/build/src/ipc/chromium/src/chrome/common/ipc_channel_win.cc, line 345
1492857724113	geckodriver	INFO	Listening on 127.0.0.1:63552
1492857725967	mozprofile::profile	INFO	Using profile path C:\Users\zhenhua\AppData\Local\Temp\rust_mozprofile.aD2fhsYa6R4N
1492857725967	geckodriver::marionette	INFO	Starting browser C:\Program Files (x86)\Mozilla Firefox\firefox.exe
1492857725998	geckodriver::marionette	INFO	Connecting to Marionette on localhost:63566
1492857727823	Marionette	INFO	Listening on port 63566
[Child 110872] WARNING: pipe error: 109: file c:/builds/moz2_slave/m-rel-w32-00000000000000000000/build/src/ipc/chromium/src/chrome/common/ipc_channel_win.cc, line 345
[Child 110872] WARNING: pipe error: 109: file c:/builds/moz2_slave/m-rel-w32-00000000000000000000/build/src/ipc/chromium/src/chrome/common/ipc_channel_win.cc, line 345
1492860544813	geckodriver	INFO	Listening on 127.0.0.1:60362
1492860546711	mozprofile::profile	INFO	Using profile path C:\Users\zhenhua\AppData\Local\Temp\rust_mozprofile.wc9vtO892WYT
1492860546711	geckodriver::marionette	INFO	Starting browser C:\Program Files (x86)\Mozilla Firefox\firefox.exe
1492860546727	geckodriver::marionette	INFO	Connecting to Marionette on localhost:60381
1492860549527	Marionette	INFO	Listening on port 60381
1492861320720	geckodriver	INFO	Listening on 127.0.0.1:64091
1492861322487	mozprofile::profile	INFO	Using profile path C:\Users\zhenhua\AppData\Local\Temp\rust_mozprofile.jRBGF29KSYHi
1492861322487	geckodriver::marionette	INFO	Starting browser C:\Program Files (x86)\Mozilla Firefox\firefox.exe
1492861322503	geckodriver::marionette	INFO	Connecting to Marionette on localhost:64105
1492861324706	Marionette	INFO	Listening on port 64105
[Child 109484] WARNING: pipe error: 109: file c:/builds/moz2_slave/m-rel-w32-00000000000000000000/build/src/ipc/chromium/src/chrome/common/ipc_channel_win.cc, line 345
[Child 109484] WARNING: pipe error: 109: file c:/builds/moz2_slave/m-rel-w32-00000000000000000000/build/src/ipc/chromium/src/chrome/common/ipc_channel_win.cc, line 345
1492861391752	geckodriver	INFO	Listening on 127.0.0.1:64520
1492861393841	mozprofile::profile	INFO	Using profile path C:\Users\zhenhua\AppData\Local\Temp\rust_mozprofile.wldB6cYGCEdL
1492861393841	geckodriver::marionette	INFO	Starting browser C:\Program Files (x86)\Mozilla Firefox\firefox.exe
1492861393856	geckodriver::marionette	INFO	Connecting to Marionette on localhost:64532
1492861395624	Marionette	INFO	Listening on port 64532
[Child 111668] WARNING: pipe error: 109: file c:/builds/moz2_slave/m-rel-w32-00000000000000000000/build/src/ipc/chromium/src/chrome/common/ipc_channel_win.cc, line 345
[Child 111668] WARNING: pipe error: 109: file c:/builds/moz2_slave/m-rel-w32-00000000000000000000/build/src/ipc/chromium/src/chrome/common/ipc_channel_win.cc, line 345
1493018442071	geckodriver	INFO	Listening on 127.0.0.1:63782
1493018443334	mozprofile::profile	INFO	Using profile path C:\Users\zhenhua\AppData\Local\Temp\rust_mozprofile.PlUrwAhcjSiB
1493018443349	geckodriver::marionette	INFO	Starting browser C:\Program Files (x86)\Mozilla Firefox\firefox.exe
1493018443385	geckodriver::marionette	INFO	Connecting to Marionette on localhost:63807
1493018642498	geckodriver	INFO	Listening on 127.0.0.1:64798
1493018643979	mozprofile::profile	INFO	Using profile path C:\Users\zhenhua\AppData\Local\Temp\rust_mozprofile.qJRCMzCEwTCf
1493018643987	geckodriver::marionette	INFO	Starting browser C:\Program Files (x86)\Mozilla Firefox\firefox.exe
1493018644014	geckodriver::marionette	INFO	Connecting to Marionette on localhost:64816
1493018648683	Marionette	INFO	Listening on port 64816
1493019376094	geckodriver	INFO	Listening on 127.0.0.1:52037
1493019377822	mozprofile::profile	INFO	Using profile path C:\Users\zhenhua\AppData\Local\Temp\rust_mozprofile.8hio9OKDj7xt
1493019377827	geckodriver::marionette	INFO	Starting browser C:\Program Files (x86)\Mozilla Firefox\firefox.exe
1493019377834	geckodriver::marionette	INFO	Connecting to Marionette on localhost:52056
1493019540826	geckodriver	INFO	Listening on 127.0.0.1:52890
1493019542565	mozprofile::profile	INFO	Using profile path C:\Users\zhenhua\AppData\Local\Temp\rust_mozprofile.Me9dwiQRyDic
1493019542580	geckodriver::marionette	INFO	Starting browser C:\Program Files (x86)\Mozilla Firefox\firefox.exe
1493019542586	geckodriver::marionette	INFO	Connecting to Marionette on localhost:52905
1493019544315	Marionette	INFO	Listening on port 52905
[Child 118292] WARNING: pipe error: 109: file c:/builds/moz2_slave/m-rel-w32-00000000000000000000/build/src/ipc/chromium/src/chrome/common/ipc_channel_win.cc, line 345
[Child 118292] WARNING: pipe error: 109: file c:/builds/moz2_slave/m-rel-w32-00000000000000000000/build/src/ipc/chromium/src/chrome/common/ipc_channel_win.cc, line 345
onnecting to Marionette on localhost:53677
1493019695744	Marionette	INFO	Listening on port 53677
1493019799022	geckodriver	INFO	Listening on 127.0.0.1:54225
1493019801097	mozprofile::profile	INFO	Using profile path C:\Users\zhenhua\AppData\Local\Temp\rust_mozprofile.XrYucHVtlWqe
1493019801108	geckodriver::marionette	INFO	Starting browser C:\Program Files (x86)\Mozilla Firefox\firefox.exe
1493019801123	geckodriver::marionette	INFO	Connecting to Marionette on localhost:54234
1493019802741	Marionette	INFO	Listening on port 54234
[NPAPI 129056] WARNING: pipe error: 109: file c:/builds/moz2_slave/m-rel-w32-00000000000000000000/build/src/ipc/chromium/src/chrome/common/ipc_channel_win.cc, line 345
1493019850327	geckodriver	INFO	Listening on 127.0.0.1:54524
1493019852426	mozprofile::profile	INFO	Using profile path C:\Users\zhenhua\AppData\Local\Temp\rust_mozprofile.heMcuOzQfzrC
1493019852468	geckodriver::marionette	INFO	Starting browser C:\Program Files (x86)\Mozilla Firefox\firefox.exe
1493019852475	geckodriver::marionette	INFO	Connecting to Marionette on localhost:54536
1493019854139	Marionette	INFO	Listening on port 54536

###!!! [Child][RunMessage] Error: Channel closing: too late to send/recv, messages will be lost

[NPAPI 119612] WARNING: pipe error: 109: file c:/builds/moz2_slave/m-rel-w32-00000000000000000000/build/src/ipc/chromium/src/chrome/common/ipc_channel_win.cc, line 345
1493022127065	geckodriver	INFO	Listening on 127.0.0.1:49281
1493022128678	mozprofile::profile	INFO	Using profile path C:\Users\zhenhua\AppData\Local\Temp\rust_mozprofile.XI8goOsosyR4
1493022128711	geckodriver::marionette	INFO	Starting browser C:\Program Files (x86)\Mozilla Firefox\firefox.exe
1493022128728	geckodriver::marionette	INFO	Connecting to Marionette on localhost:49298
1493117410418	geckodriver	INFO	Listening on 127.0.0.1:63502
1493117412720	mozprofile::profile	INFO	Using profile path C:\Users\zhenhua\AppData\Local\Temp\rust_mozprofile.JqOLrdxGKVmi
1493117412720	geckodriver::marionette	INFO	Starting browser C:\Program Files (x86)\Mozilla Firefox\firefox.exe
1493117412736	geckodriver::marionette	INFO	Connecting to Marionette on localhost:63517
1493117424623	Marionette	INFO	Listening on port 63517
[GPU 20976] WARNING: pipe error: 109: file c:/builds/moz2_slave/m-rel-w32-00000000000000000000/build/src/ipc/chromium/src/chrome/common/ipc_channel_win.cc, line 346
[Child 19428] WARNING: pipe error: 109: file c:/builds/moz2_slave/m-rel-w32-00000000000000000000/build/src/ipc/chromium/src/chrome/common/ipc_channel_win.cc, line 346

###!!! [Child][MessageChannel::SendAndWait] Error: Channel error: cannot send/recv

1493117482382	geckodriver	INFO	Listening on 127.0.0.1:63875
1493117484412	mozprofile::profile	INFO	Using profile path C:\Users\zhenhua\AppData\Local\Temp\rust_mozprofile.gsf76AwoAWoV
1493117484428	geckodriver::marionette	INFO	Starting browser C:\Program Files (x86)\Mozilla Firefox\firefox.exe
1493117484450	geckodriver::marionette	INFO	Connecting to Marionette on localhost:63889
1493117488834	Marionette	INFO	Listening on port 63889
[GPU 19832] WARNING: pipe error: 109: file c:/builds/moz2_slave/m-rel-w32-00000000000000000000/build/src/ipc/chromium/src/chrome/common/ipc_channel_win.cc, line 346
[Child 16308] WARNING: pipe error: 109: file c:/builds/moz2_slave/m-rel-w32-00000000000000000000/build/src/ipc/chromium/src/chrome/common/ipc_channel_win.cc, line 346
[Child 16308] WARNING: pipe error: 109: file c:/builds/moz2_slave/m-rel-w32-00000000000000000000/build/src/ipc/chromium/src/chrome/common/ipc_channel_win.cc, line 346

###!!! [Child][MessageChannel::SendAndWait] Error: Channel error: cannot send/recv

1493117519879	geckodriver	INFO	Listening on 127.0.0.1:64078
1493117521880	mozprofile::profile	INFO	Using profile path C:\Users\zhenhua\AppData\Local\Temp\rust_mozprofile.oBweTLYoQzbe
1493117521880	geckodriver::marionette	INFO	Starting browser C:\Program Files (x86)\Mozilla Firefox\firefox.exe
1493117521900	geckodriver::marionette	INFO	Connecting to Marionette on localhost:64092
1493117526182	Marionette	INFO	Listening on port 64092
[GPU 20620] WARNING: pipe error: 109: file c:/builds/moz2_slave/m-rel-w32-00000000000000000000/build/src/ipc/chromium/src/chrome/common/ipc_channel_win.cc, line 346
[GPU 20620] WARNING: pipe error: 109: file c:/builds/moz2_slave/m-rel-w32-00000000000000000000/build/src/ipc/chromium/src/chrome/common/ipc_channel_win.cc, line 346

###!!! [Child][MessageChannel::SendAndWait] Error: Channel error: cannot send/recv

1493117670713	geckodriver	INFO	Listening on 127.0.0.1:64870
1493117672747	mozprofile::profile	INFO	Using profile path C:\Users\zhenhua\AppData\Local\Temp\rust_mozprofile.sYni0BeBxrVK
1493117672762	geckodriver::marionette	INFO	Starting browser C:\Program Files (x86)\Mozilla Firefox\firefox.exe
1493117672762	geckodriver::marionette	INFO	Connecting to Marionette on localhost:64888
1493117676640	Marionette	INFO	Listening on port 64888
[GPU 19404] WARNING: pipe error: 109: file c:/builds/moz2_slave/m-rel-w32-00000000000000000000/build/src/ipc/chromium/src/chrome/common/ipc_channel_win.cc, line 346

###!!! [Child][MessageChannel::SendAndWait] Error: Channel error: cannot send/recv

1493118925759	geckodriver	INFO	Listening on 127.0.0.1:54536
1493118927844	mozprofile::profile	INFO	Using profile path C:\Users\zhenhua\AppData\Local\Temp\rust_mozprofile.yOSldBGNeV7Z
1493118927844	geckodriver::marionette	INFO	Starting browser C:\Program Files (x86)\Mozilla Firefox\firefox.exe
1493118927859	geckodriver::marionette	INFO	Connecting to Marionette on localhost:54548
1493118931807	Marionette	INFO	Listening on port 54548
[GPU 19272] WARNING: pipe error: 109: file c:/builds/moz2_slave/m-rel-w32-00000000000000000000/build/src/ipc/chromium/src/chrome/common/ipc_channel_win.cc, line 346
[GPU 19272] WARNING: pipe error: 109: file c:/builds/moz2_slave/m-rel-w32-00000000000000000000/build/src/ipc/chromium/src/chrome/common/ipc_channel_win.cc, line 346
[Child 16348] WARNING: pipe error: 109: file c:/builds/moz2_slave/m-rel-w32-00000000000000000000/build/src/ipc/chromium/src/chrome/common/ipc_channel_win.cc, line 346
[Child 16348] WARNING: pipe error: 109: file c:/builds/moz2_slave/m-rel-w32-00000000000000000000/build/src/ipc/chromium/src/chrome/common/ipc_channel_win.cc, line 346

###!!! [Child][MessageChannel::SendAndWait] Error: Channel error: cannot send/recv

1493203561124	geckodriver	INFO	Listening on 127.0.0.1:56623
1493203563014	mozprofile::profile	INFO	Using profile path C:\Users\zhenhua\AppData\Local\Temp\rust_mozprofile.F51sRpZXubun
1493203563202	geckodriver::marionette	INFO	Starting browser C:\Program Files (x86)\Mozilla Firefox\firefox.exe
1493203563514	geckodriver::marionette	INFO	Connecting to Marionette on localhost:56648
1493203598127	Marionette	INFO	Listening on port 56648
[GPU 43564] WARNING: pipe error: 109: file c:/builds/moz2_slave/m-rel-w32-00000000000000000000/build/src/ipc/chromium/src/chrome/common/ipc_channel_win.cc, line 346
[Child 43772] WARNING: pipe error: 109: file c:/builds/moz2_slave/m-rel-w32-00000000000000000000/build/src/ipc/chromium/src/chrome/common/ipc_channel_win.cc, line 346

###!!! [Child][MessageChannel::SendAndWait] Error: Channel error: cannot send/recv

1493203760233	geckodriver	INFO	Listening on 127.0.0.1:57702
1493203762248	mozprofile::profile	INFO	Using profile path C:\Users\zhenhua\AppData\Local\Temp\rust_mozprofile.Z7vo0okWbrUw
1493203762248	geckodriver::marionette	INFO	Starting browser C:\Program Files (x86)\Mozilla Firefox\firefox.exe
1493203762264	geckodriver::marionette	INFO	Connecting to Marionette on localhost:57711
1493203797965	Marionette	INFO	Listening on port 57711
[GPU 44136] WARNING: pipe error: 109: file c:/builds/moz2_slave/m-rel-w32-00000000000000000000/build/src/ipc/chromium/src/chrome/common/ipc_channel_win.cc, line 346
[Child 41616] WARNING: pipe error: 109: file c:/builds/moz2_slave/m-rel-w32-00000000000000000000/build/src/ipc/chromium/src/chrome/common/ipc_channel_win.cc, line 346

###!!! [Child][MessageChannel::SendAndWait] Error: Channel error: cannot send/recv

1493204926220	geckodriver	INFO	Listening on 127.0.0.1:63798
1493204927876	mozprofile::profile	INFO	Using profile path C:\Users\zhenhua\AppData\Local\Temp\rust_mozprofile.ZJ9UxzJp6SMf
1493204927892	geckodriver::marionette	INFO	Starting browser C:\Program Files (x86)\Mozilla Firefox\firefox.exe
1493204927923	geckodriver::marionette	INFO	Connecting to Marionette on localhost:63822
1493204942985	Marionette	INFO	Listening on port 63822
[GPU 21632] WARNING: pipe error: 109: file c:/builds/moz2_slave/m-rel-w32-00000000000000000000/build/src/ipc/chromium/src/chrome/common/ipc_channel_win.cc, line 346
[Child 43632] WARNING: pipe error: 109: file c:/builds/moz2_slave/m-rel-w32-00000000000000000000/build/src/ipc/chromium/src/chrome/common/ipc_channel_win.cc, line 346
[Child 43632] WARNING: pipe error: 109: file c:/builds/moz2_slave/m-rel-w32-00000000000000000000/build/src/ipc/chromium/src/chrome/common/ipc_channel_win.cc, line 346

###!!! [Child][MessageChannel::SendAndWait] Error: Channel error: cannot send/recv

1493206229581	geckodriver	INFO	Listening on 127.0.0.1:54573
1493206231503	geckodriver::marionette	INFO	Starting browser \\?\C:\Program Files (x86)\Mozilla Firefox\firefox.exe with args ["-marionette"]
1493206235254	addons.manager	ERROR	startup failed: [Exception... "Component returned failure code: 0x80070057 (NS_ERROR_ILLEGAL_VALUE) [nsIFile.create]"  nsresult: "0x80070057 (NS_ERROR_ILLEGAL_VALUE)"  location: "JS frame :: resource://gre/modules/FileUtils.jsm :: FileUtils_getDir :: line 70"  data: no] Stack trace: FileUtils_getDir()@resource://gre/modules/FileUtils.jsm:70 < FileUtils_getFile()@resource://gre/modules/FileUtils.jsm:42 < validateBlocklist()@resource://gre/modules/AddonManager.jsm:671 < startup()@resource://gre/modules/AddonManager.jsm:834 < startup()@resource://gre/modules/AddonManager.jsm:3129 < observe()@resource://gre/components/addonManager.js:65
JavaScript error: resource://gre/modules/AddonManager.jsm, line 1657: NS_ERROR_NOT_INITIALIZED: AddonManager is not initialized
JavaScript error: resource://gre/modules/AddonManager.jsm, line 2570: NS_ERROR_NOT_INITIALIZED: AddonManager is not initialized
1493206240193	Marionette	INFO	Listening on port 54587
JavaScript error: resource://app/modules/WindowsJumpLists.jsm, line 403: NS_ERROR_FILE_NOT_FOUND: Component returned failure code: 0x80520012 (NS_ERROR_FILE_NOT_FOUND) [nsIJumpListShortcut.app]
JavaScript error: resource://gre/modules/FileUtils.jsm, line 70: NS_ERROR_ILLEGAL_VALUE: Component returned failure code: 0x80070057 (NS_ERROR_ILLEGAL_VALUE) [nsIFile.create]
1493206287297	geckodriver	INFO	Listening on 127.0.0.1:54874
1493206289219	geckodriver::marionette	INFO	Starting browser \\?\C:\Program Files (x86)\Mozilla Firefox\firefox.exe with args ["-marionette"]
1493206289606	addons.manager	ERROR	startup failed: [Exception... "Component returned failure code: 0x80070057 (NS_ERROR_ILLEGAL_VALUE) [nsIFile.create]"  nsresult: "0x80070057 (NS_ERROR_ILLEGAL_VALUE)"  location: "JS frame :: resource://gre/modules/FileUtils.jsm :: FileUtils_getDir :: line 70"  data: no] Stack trace: FileUtils_getDir()@resource://gre/modules/FileUtils.jsm:70 < FileUtils_getFile()@resource://gre/modules/FileUtils.jsm:42 < validateBlocklist()@resource://gre/modules/AddonManager.jsm:671 < startup()@resource://gre/modules/AddonManager.jsm:834 < startup()@resource://gre/modules/AddonManager.jsm:3129 < observe()@resource://gre/components/addonManager.js:65
JavaScript error: resource://gre/modules/AddonManager.jsm, line 1657: NS_ERROR_NOT_INITIALIZED: AddonManager is not initialized
1493206293001	Marionette	INFO	Listening on port 54897
JavaScript error: resource://gre/modules/AddonManager.jsm, line 2570: NS_ERROR_NOT_INITIALIZED: AddonManager is not initialized
JavaScript error: resource://app/modules/WindowsJumpLists.jsm, line 403: NS_ERROR_FILE_NOT_FOUND: Component returned failure code: 0x80520012 (NS_ERROR_FILE_NOT_FOUND) [nsIJumpListShortcut.app]
JavaScript error: resource://gre/modules/FileUtils.jsm, line 70: NS_ERROR_ILLEGAL_VALUE: Component returned failure code: 0x80070057 (NS_ERROR_ILLEGAL_VALUE) [nsIFile.create]
1494041230080	geckodriver	INFO	Listening on 127.0.0.1:57403
1494041232380	geckodriver::marionette	INFO	Starting browser \\?\C:\Program Files (x86)\Mozilla Firefox\firefox.exe with args ["-marionette"]
1494041233691	addons.manager	ERROR	startup failed: [Exception... "Component returned failure code: 0x80070057 (NS_ERROR_ILLEGAL_VALUE) [nsIFile.create]"  nsresult: "0x80070057 (NS_ERROR_ILLEGAL_VALUE)"  location: "JS frame :: resource://gre/modules/FileUtils.jsm :: FileUtils_getDir :: line 70"  data: no] Stack trace: FileUtils_getDir()@resource://gre/modules/FileUtils.jsm:70 < FileUtils_getFile()@resource://gre/modules/FileUtils.jsm:42 < validateBlocklist()@resource://gre/modules/AddonManager.jsm:671 < startup()@resource://gre/modules/AddonManager.jsm:834 < startup()@resource://gre/modules/AddonManager.jsm:3129 < observe()@resource://gre/components/addonManager.js:65
JavaScript error: resource://gre/modules/AddonManager.jsm, line 1657: NS_ERROR_NOT_INITIALIZED: AddonManager is not initialized
1494041242370	Marionette	INFO	Listening on port 57422
JavaScript error: resource://gre/modules/AddonManager.jsm, line 2570: NS_ERROR_NOT_INITIALIZED: AddonManager is not initialized
JavaScript error: resource://gre/modules/FileUtils.jsm, line 70: NS_ERROR_ILLEGAL_VALUE: Component returned failure code: 0x80070057 (NS_ERROR_ILLEGAL_VALUE) [nsIFile.create]
JavaScript error: resource://app/modules/WindowsJumpLists.jsm, line 403: NS_ERROR_FILE_NOT_FOUND: Component returned failure code: 0x80520012 (NS_ERROR_FILE_NOT_FOUND) [nsIJumpListShortcut.app]
JavaScript error: resource://app/modules/WindowsJumpLists.jsm, line 403: NS_ERROR_FILE_NOT_FOUND: Component returned failure code: 0x80520012 (NS_ERROR_FILE_NOT_FOUND) [nsIJumpListShortcut.app]
JavaScript error: resource://app/modules/WindowsJumpLists.jsm, line 403: NS_ERROR_FILE_NOT_FOUND: Component returned failure code: 0x80520012 (NS_ERROR_FILE_NOT_FOUND) [nsIJumpListShortcut.app]
JavaScript error: resource://app/modules/WindowsJumpLists.jsm, line 403: NS_ERROR_FILE_NOT_FOUND: Component returned failure code: 0x80520012 (NS_ERROR_FILE_NOT_FOUND) [nsIJumpListShortcut.app]
JavaScript error: resource://gre/modules/AddonManager.jsm, line 1416: NS_ERROR_NOT_INITIALIZED: AddonManager is not initialized
JavaScript error: resource://app/modules/WindowsJumpLists.jsm, line 403: NS_ERROR_FILE_NOT_FOUND: Component returned failure code: 0x80520012 (NS_ERROR_FILE_NOT_FOUND) [nsIJumpListShortcut.app]
*************************
A coding exception was thrown and uncaught in a Task.

Full message: TypeError: NetworkError when attempting to fetch resource.
Full stack: 
*************************
JavaScript error: resource://app/modules/WindowsJumpLists.jsm, line 403: NS_ERROR_FILE_NOT_FOUND: Component returned failure code: 0x80520012 (NS_ERROR_FILE_NOT_FOUND) [nsIJumpListShortcut.app]
JavaScript error: resource://app/modules/WindowsJumpLists.jsm, line 403: NS_ERROR_FILE_NOT_FOUND: Component returned failure code: 0x80520012 (NS_ERROR_FILE_NOT_FOUND) [nsIJumpListShortcut.app]
1494160815576	geckodriver	INFO	Listening on 127.0.0.1:52601
1494160817462	geckodriver::marionette	INFO	Starting browser \\?\C:\Program Files (x86)\Mozilla Firefox\firefox.exe with args ["-marionette"]
1494160819296	addons.manager	ERROR	startup failed: [Exception... "Component returned failure code: 0x80070057 (NS_ERROR_ILLEGAL_VALUE) [nsIFile.create]"  nsresult: "0x80070057 (NS_ERROR_ILLEGAL_VALUE)"  location: "JS frame :: resource://gre/modules/FileUtils.jsm :: FileUtils_getDir :: line 70"  data: no] Stack trace: FileUtils_getDir()@resource://gre/modules/FileUtils.jsm:70 < FileUtils_getFile()@resource://gre/modules/FileUtils.jsm:42 < validateBlocklist()@resource://gre/modules/AddonManager.jsm:671 < startup()@resource://gre/modules/AddonManager.jsm:834 < startup()@resource://gre/modules/AddonManager.jsm:3129 < observe()@resource://gre/components/addonManager.js:65
JavaScript error: resource://gre/modules/AddonManager.jsm, line 1657: NS_ERROR_NOT_INITIALIZED: AddonManager is not initialized
JavaScript error: resource://gre/modules/AddonManager.jsm, line 2570: NS_ERROR_NOT_INITIALIZED: AddonManager is not initialized
1494160827849	Marionette	INFO	Listening on port 52621
JavaScript error: resource://app/modules/WindowsJumpLists.jsm, line 403: NS_ERROR_FILE_NOT_FOUND: Component returned failure code: 0x80520012 (NS_ERROR_FILE_NOT_FOUND) [nsIJumpListShortcut.app]
JavaScript error: resource://gre/modules/FileUtils.jsm, line 70: NS_ERROR_ILLEGAL_VALUE: Component returned failure code: 0x80070057 (NS_ERROR_ILLEGAL_VALUE) [nsIFile.create]
1494252212900	geckodriver	INFO	Listening on 127.0.0.1:62761
1494252214948	geckodriver::marionette	INFO	Starting browser \\?\D:\firefox\firefox.exe with args ["-marionette"]
1494252216462	addons.manager	ERROR	startup failed: [Exception... "Component returned failure code: 0x80070057 (NS_ERROR_ILLEGAL_VALUE) [nsIFile.create]"  nsresult: "0x80070057 (NS_ERROR_ILLEGAL_VALUE)"  location: "JS frame :: resource://gre/modules/FileUtils.jsm :: FileUtils_getDir :: line 70"  data: no] Stack trace: FileUtils_getDir()@resource://gre/modules/FileUtils.jsm:70 < FileUtils_getFile()@resource://gre/modules/FileUtils.jsm:42 < validateBlocklist()@resource://gre/modules/AddonManager.jsm:671 < startup()@resource://gre/modules/AddonManager.jsm:834 < startup()@resource://gre/modules/AddonManager.jsm:3129 < observe()@resource://gre/components/addonManager.js:65
JavaScript error: resource://gre/modules/AddonManager.jsm, line 1657: NS_ERROR_NOT_INITIALIZED: AddonManager is not initialized
1494252227144	Marionette	INFO	Listening on port 62777
JavaScript error: resource://gre/modules/AddonManager.jsm, line 2570: NS_ERROR_NOT_INITIALIZED: AddonManager is not initialized
JavaScript error: resource://app/modules/WindowsJumpLists.jsm, line 403: NS_ERROR_FILE_NOT_FOUND: Component returned failure code: 0x80520012 (NS_ERROR_FILE_NOT_FOUND) [nsIJumpListShortcut.app]
JavaScript error: resource://gre/modules/FileUtils.jsm, line 70: NS_ERROR_ILLEGAL_VALUE: Component returned failure code: 0x80070057 (NS_ERROR_ILLEGAL_VALUE) [nsIFile.create]
